
WISCalculator v1.0
Author Derek Hower (drh5@cs.wisc.edu)
Type "help" for more information

Loading program...
Executing...
lbi r4, 0
INUM:        0 PC: 0x0000 REG: 4 VALUE: 0x0000
lbi r1, 5
INUM:        1 PC: 0x0002 REG: 1 VALUE: 0x0005
lbi r2, 10
INUM:        2 PC: 0x0004 REG: 2 VALUE: 0x000a
st r2, r4, 0
INUM:        3 PC: 0x0006 ADDR: 0x0000 VALUE: 0x000a
ld r5, r4, 0
INUM:        4 PC: 0x0008 REG: 5 VALUE: 0x000a ADDR: 0x0000
seq r3, r5, r1
INUM:        5 PC: 0x000a REG: 3 VALUE: 0x0000
halt
program halted
INUM:        6 PC: 0x000c
Program Finished
