SIMLOG:: Cycle           4 PC: 00000000 I: 00000800 R: 0   0 00000000 M: 0 0 00000000 00000000
SIMLOG:: Cycle           5 PC: 00000000 I: 0000c400 R: 0   0 00000000 M: 0 0 00000000 00000000
SIMLOG:: Cycle           6 PC: 00000002 I: 0000c105 R: 0   0 00000000 M: 0 0 00000000 00000000
SIMLOG:: Cycle           7 PC: 00000004 I: 0000c20a R: 0   0 00000000 M: 0 0 00000000 00000000
SIMLOG:: Cycle           8 PC: 00000006 I: 00008440 R: 1   4 00000000 M: 0 0 00000005 00000000
SIMLOG:: Cycle           9 PC: 00000008 I: 00008440 R: 1   1 00000005 M: 0 0 0000000a 00000000
SIMLOG:: Cycle          10 PC: 00000008 I: 00008440 R: 1   2 0000000a M: 0 0 00000000 00000000
SIMLOG:: Cycle          11 PC: 00000008 I: 00008440 R: 0   0 00000000 M: 0 0 00000000 00000000
SIMLOG:: Cycle          12 PC: 00000008 I: 00008ca0 R: 0   0 00000000 M: 0 0 00000000 00000000
SIMLOG:: Cycle          13 PC: 0000000a I: 0000e52c R: 0   0 00000000 M: 0 1 00000000 0000000a
SIMLOG:: Cycle          14 PC: 0000000c I: 0000e52c R: 0   0 00000000 M: 1 0 00000000 00000000
SIMLOG:: Cycle          15 PC: 0000000c I: 0000e52c R: 1   5 0000000a M: 0 0 00000000 00000000
SIMLOG:: Cycle          16 PC: 0000000c I: 0000e52c R: 0   3 00000000 M: 0 0 00000000 00000000
SIMLOG:: Cycle          17 PC: 0000000c I: 00000000 R: 0   3 00000000 M: 0 0 00000000 00000000
SIMLOG:: Cycle          18 PC: 0000000e I: 00000000 R: 0   3 00000000 M: 0 0 00000005 00000005
SIMLOG:: Cycle          19 PC: 0000000e I: 00000000 R: 1   3 00000000 M: 0 0 00000000 00000000
SIMLOG:: Processor halted

SIMLOG:: sim_cycles          19

SIMLOG:: inst_count           6

SIMLOG:: dcachehit_count           0

SIMLOG:: icachehit_count           0

SIMLOG:: dcachereq_count           0

SIMLOG:: icachereq_count           0

